-------------------------------------------------------------------------------
Test set: account types
-------------------------------------------------------------------------------
Tests run: 3, Failures: 1, Errors: 0, Skipped: 0, Time elapsed: 87.95 s <<< FAILURE! - in account types
Store manager user(account types)  Time elapsed: 37.907 s  <<< FAILURE!
java.lang.AssertionError

