<?xml version="1.0" encoding="UTF-8"?>
<testsuite xmlns:xsi="http://www.w3.org/2001/XMLSchema-instance" xsi:noNamespaceSchemaLocation="https://maven.apache.org/surefire/maven-surefire-plugin/xsd/surefire-test-report.xsd" name="User should be able to login" time="91.531" tests="3" errors="0" skipped="0" failures="1">
  <properties>
[...]
</properties>
  <testcase name="Login as a driver" classname="User should be able to login" time="30.768"/>
  <testcase name="Login as a sales manager" classname="User should be able to login" time="47.73">
    <failure message="expected:&lt;[Dashboard]&gt; but was:&lt;[Loading...]&gt;" type="org.junit.ComparisonFailure"><![CDATA[org.junit.ComparisonFailure: expected:<[Dashboard]> but was:<[Loading...]>
]]></failure>
    <system-out><![CDATA[	this is coming from BEFORE
]]></system-out>
    <system-err><![CDATA[Starting ChromeDriver 95.0.4638.69 (6a1600ed572fedecd573b6c2b90a22fe6392a410-refs/branch-heads/4638@{#984}) on port 44954
Only local connections are allowed.
Please see https://chromedriver.chromium.org/security-considerations for suggestions on keeping ChromeDriver safe.
ChromeDriver was started successfully.
Nov 10, 2021 6:52:07 AM org.openqa.selenium.remote.ProtocolHandshake createSession
INFO: Detected dialect: W3C
[1636527147.244][SEVERE]: Timed out receiving message from renderer: 10.000
[1636527147.244][WARNING]: screenshot failed, retrying timeout: Timed out receiving message from renderer: 10.000
[1636527157.244][SEVERE]: Timed out receiving message from renderer: 10.000
[1636527167.259][SEVERE]: Timed out receiving message from renderer: 10.000
[1636527167.259][WARNING]: screenshot failed, retrying timeout: Timed out receiving message from renderer: 10.000
]]></system-err>
  </testcase>
  <testcase name="Login as a store manager" classname="User should be able to login" time="13.033"/>
</testsuite>